Using pre-set license
Built from '2020.3/staging' branch; Version is '2020.3.24f1 (79c78de19888) revision 7980941'; Using compiler version '192528614'; Build Type 'Release'
OS: 'Windows 11  (10.0.22000) 64bit Core' Language: 'pl' Physical Memory: 15733 MB
BatchMode: 1, IsHumanControllingUs: 0, StartBugReporterOnCrash: 0, Is64bit: 1, IsPro: 0

COMMAND LINE ARGUMENTS:
C:\Users\alans\Desktop\Unity\Editors\2020.3.24f1\Editor\Unity.exe
-adb2
-batchMode
-noUpm
-name
AssetImportWorker0
-projectPath
C:/Users/alans/Desktop/Unity/Projects/FPS/FPS
-logFile
Logs/AssetImportWorker0.log
-srvPort
50738
Successfully changed project path to: C:/Users/alans/Desktop/Unity/Projects/FPS/FPS
C:/Users/alans/Desktop/Unity/Projects/FPS/FPS
Using Asset Import Pipeline V2.
Refreshing native plugins compatible for Editor in 64.62 ms, found 2 plugins.
Preloading 0 native plugins for Editor in 0.00 ms.
Initialize engine version: 2020.3.24f1 (79c78de19888)
[Subsystems] Discovering subsystems at path C:/Users/alans/Desktop/Unity/Editors/2020.3.24f1/Editor/Data/Resources/UnitySubsystems
[Subsystems] Discovering subsystems at path C:/Users/alans/Desktop/Unity/Projects/FPS/FPS/Assets
GfxDevice: creating device client; threaded=0
Direct3D:
    Version:  Direct3D 11.0 [level 11.1]
    Renderer: AMD Radeon(TM) Graphics (ID=0x1636)
    Vendor:   
    VRAM:     7866 MB
    Driver:   27.20.21030.1005
Initialize mono
Mono path[0] = 'C:/Users/alans/Desktop/Unity/Editors/2020.3.24f1/Editor/Data/Managed'
Mono path[1] = 'C:/Users/alans/Desktop/Unity/Editors/2020.3.24f1/Editor/Data/MonoBleedingEdge/lib/mono/unityjit'
Mono config path = 'C:/Users/alans/Desktop/Unity/Editors/2020.3.24f1/Editor/Data/MonoBleedingEdge/etc'
Using monoOptions --debugger-agent=transport=dt_socket,embedding=1,server=y,suspend=n,address=127.0.0.1:56504
Begin MonoManager ReloadAssembly
Registering precompiled unity dll's ...
Register platform support module: C:/Users/alans/Desktop/Unity/Editors/2020.3.24f1/Editor/Data/PlaybackEngines/MacStandaloneSupport/UnityEditor.OSXStandalone.Extensions.dll
Register platform support module: C:/Users/alans/Desktop/Unity/Editors/2020.3.24f1/Editor/Data/PlaybackEngines/WindowsStandaloneSupport/UnityEditor.WindowsStandalone.Extensions.dll
Registered in 0.002133 seconds.
Native extension for WindowsStandalone target not found
Native extension for OSXStandalone target not found
Refreshing native plugins compatible for Editor in 62.59 ms, found 2 plugins.
Preloading 0 native plugins for Editor in 0.00 ms.
Mono: successfully reloaded assembly
- Completed reload, in  0.548 seconds
Domain Reload Profiling:
	ReloadAssembly (548ms)
		BeginReloadAssembly (49ms)
			ExecutionOrderSort (0ms)
			DisableScriptedObjects (0ms)
			BackupInstance (0ms)
			ReleaseScriptingObjects (0ms)
			CreateAndSetChildDomain (1ms)
		EndReloadAssembly (426ms)
			LoadAssemblies (47ms)
			RebuildTransferFunctionScriptingTraits (0ms)
			SetupTypeCache (134ms)
			ReleaseScriptCaches (0ms)
			RebuildScriptCaches (27ms)
			SetupLoadedEditorAssemblies (181ms)
				LogAssemblyErrors (0ms)
				InitializePlatformSupportModulesInManaged (5ms)
				SetLoadedEditorAssemblies (0ms)
				RefreshPlugins (63ms)
				BeforeProcessingInitializeOnLoad (14ms)
				ProcessInitializeOnLoadAttributes (72ms)
				ProcessInitializeOnLoadMethodAttributes (26ms)
				AfterProcessingInitializeOnLoad (0ms)
				EditorAssembliesLoaded (0ms)
			ExecutionOrderSort2 (0ms)
			AwakeInstancesAfterBackupRestoration (0ms)
Platform modules already initialized, skipping
Registering precompiled user dll's ...
Registered in 0.004909 seconds.
Begin MonoManager ReloadAssembly
Native extension for WindowsStandalone target not found
Native extension for OSXStandalone target not found
Refreshing native plugins compatible for Editor in 66.11 ms, found 2 plugins.
Preloading 0 native plugins for Editor in 0.00 ms.
Mono: successfully reloaded assembly
- Completed reload, in  1.132 seconds
Domain Reload Profiling:
	ReloadAssembly (1133ms)
		BeginReloadAssembly (130ms)
			ExecutionOrderSort (0ms)
			DisableScriptedObjects (5ms)
			BackupInstance (0ms)
			ReleaseScriptingObjects (0ms)
			CreateAndSetChildDomain (19ms)
		EndReloadAssembly (942ms)
			LoadAssemblies (83ms)
			RebuildTransferFunctionScriptingTraits (0ms)
			SetupTypeCache (305ms)
			ReleaseScriptCaches (1ms)
			RebuildScriptCaches (51ms)
			SetupLoadedEditorAssemblies (391ms)
				LogAssemblyErrors (0ms)
				InitializePlatformSupportModulesInManaged (5ms)
				SetLoadedEditorAssemblies (0ms)
				RefreshPlugins (66ms)
				BeforeProcessingInitializeOnLoad (87ms)
				ProcessInitializeOnLoadAttributes (218ms)
				ProcessInitializeOnLoadMethodAttributes (8ms)
				AfterProcessingInitializeOnLoad (7ms)
				EditorAssembliesLoaded (0ms)
			ExecutionOrderSort2 (0ms)
			AwakeInstancesAfterBackupRestoration (5ms)
Platform modules already initialized, skipping
========================================================================
Worker process is ready to serve import requests
Launched and connected shader compiler UnityShaderCompiler.exe after 0.05 seconds
Refreshing native plugins compatible for Editor in 0.70 ms, found 2 plugins.
Preloading 0 native plugins for Editor in 0.00 ms.
Unloading 3207 Unused Serialized files (Serialized files now loaded: 0)
System memory in use before: 146.2 MB.
System memory in use after: 146.4 MB.

Unloading 23 unused Assets to reduce memory usage. Loaded Objects now: 3653.
Total: 4.447200 ms (FindLiveObjects: 0.372000 ms CreateObjectMapping: 0.085700 ms MarkObjects: 3.902100 ms  DeleteObjects: 0.085700 ms)

AssetImportParameters requested are different than current active one (requested -> active):
  custom:framework-win-MediaFoundation: 216162199b28c13a410421893ffa2e32 -> 
  custom:video-decoder-ogg-theora: a1e56fd34408186e4bbccfd4996cb3dc -> 
  custom:container-muxer-webm: aa71ff27fc2769a1b78a27578f13a17b -> 
  custom:container-demuxer-webm: 4f35f7cbe854078d1ac9338744f61a02 -> 
  custom:container-demuxer-ogg: 62fdf1f143b41e24485cea50d1cbac27 -> 
  custom:video-encoder-webm-vp8: eb34c28f22e8b96e1ab97ce403110664 -> 
  custom:video-decoder-webm-vp8: 9c59270c3fd7afecdb556c50c9e8de78 -> 
  custom:audio-decoder-ogg-vorbis: bf7c407c2cedff20999df2af8eb42d56 -> 
  custom:audio-encoder-webm-vorbis: bf7c407c2cedff20999df2af8eb42d56 -> 
========================================================================
Received Import Request.
  path: Assets/BedRoom.blend
  artifactKey: Guid(37afff35cedf87249b5478aa5f0a5e38) Importer(815301076,1909f56bfc062723c751e8b465ee728b)
Start importing Assets/BedRoom.blend using Guid(37afff35cedf87249b5478aa5f0a5e38) Importer(815301076,1909f56bfc062723c751e8b465ee728b)  -> (artifact id: '5c6a9b534f65cee37f381f428721ed11') in 0.541195 seconds 
  Import took 0.547532 seconds .

========================================================================
Received Import Request.
  Time since last request: 13.392205 seconds.
  path: Assets/BedRoom
  artifactKey: Guid(2787d407d79e56b48864c676c644b9c2) Importer(815301076,1909f56bfc062723c751e8b465ee728b)
Start importing Assets/BedRoom using Guid(2787d407d79e56b48864c676c644b9c2) Importer(815301076,1909f56bfc062723c751e8b465ee728b)  -> (artifact id: '0c23bc082d4d971330c0af7e88df8674') in 0.004959 seconds 
  Import took 0.010932 seconds .

========================================================================
Received Import Request.
  Time since last request: 35.080786 seconds.
  path: Assets/BedRoom/Sample.unity
  artifactKey: Guid(9be0a5886c17ae145b4e25dea6b350c2) Importer(815301076,1909f56bfc062723c751e8b465ee728b)
Start importing Assets/BedRoom/Sample.unity using Guid(9be0a5886c17ae145b4e25dea6b350c2) Importer(815301076,1909f56bfc062723c751e8b465ee728b)  -> (artifact id: '11d535746951f21a209de926ae3becb0') in 0.012174 seconds 
  Import took 0.018731 seconds .

========================================================================
Received Import Request.
  Time since last request: 32.675536 seconds.
  path: Assets/BedRoom/Materials
  artifactKey: Guid(41f3d364805a0cd4786811d2109706f1) Importer(815301076,1909f56bfc062723c751e8b465ee728b)
Start importing Assets/BedRoom/Materials using Guid(41f3d364805a0cd4786811d2109706f1) Importer(815301076,1909f56bfc062723c751e8b465ee728b)  -> (artifact id: '029adfd9734fba7111f4d20a64fb5f89') in 0.010960 seconds 
  Import took 0.017744 seconds .

========================================================================
Received Import Request.
  Time since last request: 13.908739 seconds.
  path: Assets/BedRoom/BedRoom.blend
  artifactKey: Guid(37afff35cedf87249b5478aa5f0a5e38) Importer(815301076,1909f56bfc062723c751e8b465ee728b)
Start importing Assets/BedRoom/BedRoom.blend using Guid(37afff35cedf87249b5478aa5f0a5e38) Importer(815301076,1909f56bfc062723c751e8b465ee728b)  -> (artifact id: 'ba40ee2de3a63b3a4636c1229fcf9c07') in 0.177940 seconds 
  Import took 0.184201 seconds .

========================================================================
Received Import Request.
  Time since last request: 1035.411368 seconds.
  path: Assets/BedRoom/BedRoom.blend
  artifactKey: Guid(37afff35cedf87249b5478aa5f0a5e38) Importer(815301076,1909f56bfc062723c751e8b465ee728b)
Start importing Assets/BedRoom/BedRoom.blend using Guid(37afff35cedf87249b5478aa5f0a5e38) Importer(815301076,1909f56bfc062723c751e8b465ee728b)  -> (artifact id: 'c61d647bab61d0e8967da2d22c1646c5') in 0.234409 seconds 
  Import took 0.241304 seconds .

========================================================================
Received Import Request.
  Time since last request: 11.248254 seconds.
  path: Assets/BedRoom/Materials/Drewno.Drzwi.mat
  artifactKey: Guid(4a64f2bc28d6eda4183a77a50779671f) Importer(815301076,1909f56bfc062723c751e8b465ee728b)
Start importing Assets/BedRoom/Materials/Drewno.Drzwi.mat using Guid(4a64f2bc28d6eda4183a77a50779671f) Importer(815301076,1909f56bfc062723c751e8b465ee728b)  -> (artifact id: '23f17978ae865bb753a5e22d6e51d95b') in 0.028163 seconds 
  Import took 0.034057 seconds .

========================================================================
Received Import Request.
  Time since last request: 0.000344 seconds.
  path: Assets/BedRoom/Materials/Lampa-Light.mat
  artifactKey: Guid(65ffdf31a7ede25458fa2f7114811dc6) Importer(815301076,1909f56bfc062723c751e8b465ee728b)
Start importing Assets/BedRoom/Materials/Lampa-Light.mat using Guid(65ffdf31a7ede25458fa2f7114811dc6) Importer(815301076,1909f56bfc062723c751e8b465ee728b)  -> (artifact id: 'cda0ad47bbab7a571976101cc3cfc3d5') in 0.019213 seconds 
  Import took 0.027185 seconds .

========================================================================
Received Import Request.
  Time since last request: 0.000355 seconds.
  path: Assets/BedRoom/Materials/Stół-MainTexture.png
  artifactKey: Guid(675c993d6c17d2040bb1f304618487aa) Importer(815301076,1909f56bfc062723c751e8b465ee728b)
Start importing Assets/BedRoom/Materials/Stół-MainTexture.png using Guid(675c993d6c17d2040bb1f304618487aa) Importer(815301076,1909f56bfc062723c751e8b465ee728b)  -> (artifact id: '933fd55d5eb1d07329123ddf4e01e48d') in 0.072917 seconds 
  Import took 0.078981 seconds .

========================================================================
Received Import Request.
  Time since last request: 0.000291 seconds.
  path: Assets/BedRoom/Materials/Drewno.mat
  artifactKey: Guid(3a45edd1ea8c7ae469434835a535dfe7) Importer(815301076,1909f56bfc062723c751e8b465ee728b)
Start importing Assets/BedRoom/Materials/Drewno.mat using Guid(3a45edd1ea8c7ae469434835a535dfe7) Importer(815301076,1909f56bfc062723c751e8b465ee728b)  -> (artifact id: '99a96622e9cfaae37278288331139626') in 0.018490 seconds 
  Import took 0.025195 seconds .

========================================================================
Received Import Request.
  Time since last request: 0.000319 seconds.
  path: Assets/BedRoom/Materials/Sufit.mat
  artifactKey: Guid(5bb7b1ca1570b4f4692db3306f515ea4) Importer(815301076,1909f56bfc062723c751e8b465ee728b)
Start importing Assets/BedRoom/Materials/Sufit.mat using Guid(5bb7b1ca1570b4f4692db3306f515ea4) Importer(815301076,1909f56bfc062723c751e8b465ee728b)  -> (artifact id: 'dae4f441cdb6cdd50d44625339fb5ca3') in 0.021777 seconds 
  Import took 0.028389 seconds .

========================================================================
Received Import Request.
  Time since last request: 0.000286 seconds.
  path: Assets/BedRoom/Materials/Kołdra.mat
  artifactKey: Guid(563df9f7c3e9602419f8bfed5b30417b) Importer(815301076,1909f56bfc062723c751e8b465ee728b)
Start importing Assets/BedRoom/Materials/Kołdra.mat using Guid(563df9f7c3e9602419f8bfed5b30417b) Importer(815301076,1909f56bfc062723c751e8b465ee728b)  -> (artifact id: 'bfa52389fd2fd4314d408cd1a5a9d006') in 0.018720 seconds 
  Import took 0.025036 seconds .

========================================================================
Received Import Request.
  Time since last request: 0.000338 seconds.
  path: Assets/BedRoom/Materials/Lampa-Zewnętrze1.mat
  artifactKey: Guid(c7962aa23ba78e845b3f71c3731660c6) Importer(815301076,1909f56bfc062723c751e8b465ee728b)
Start importing Assets/BedRoom/Materials/Lampa-Zewnętrze1.mat using Guid(c7962aa23ba78e845b3f71c3731660c6) Importer(815301076,1909f56bfc062723c751e8b465ee728b)  -> (artifact id: '6a8f46e271b8bd3508237359b1cac7d7') in 0.019172 seconds 
  Import took 0.025948 seconds .

========================================================================
Received Import Request.
  Time since last request: 0.000315 seconds.
  path: Assets/BedRoom/Materials/RamaDrzwi.mat
  artifactKey: Guid(edaf2b41f1b5c5e4b98e29297fac2871) Importer(815301076,1909f56bfc062723c751e8b465ee728b)
Start importing Assets/BedRoom/Materials/RamaDrzwi.mat using Guid(edaf2b41f1b5c5e4b98e29297fac2871) Importer(815301076,1909f56bfc062723c751e8b465ee728b)  -> (artifact id: 'c99845a021a7ea23bba7722d62591954') in 0.018814 seconds 
  Import took 0.025059 seconds .

========================================================================
Received Import Request.
  Time since last request: 0.000272 seconds.
  path: Assets/BedRoom/Materials/Podłoga-MainTexture.png
  artifactKey: Guid(17596bf32f088174798125f348b64057) Importer(815301076,1909f56bfc062723c751e8b465ee728b)
Start importing Assets/BedRoom/Materials/Podłoga-MainTexture.png using Guid(17596bf32f088174798125f348b64057) Importer(815301076,1909f56bfc062723c751e8b465ee728b)  -> (artifact id: '5487c89b89918af200ca2941a51c475a') in 0.017925 seconds 
  Import took 0.025205 seconds .

========================================================================
Received Import Request.
  Time since last request: 0.000388 seconds.
  path: Assets/BedRoom/Materials/Sufit-MainTexture.png
  artifactKey: Guid(77dbfe6f1037ffd49b5f3e289612bd67) Importer(815301076,1909f56bfc062723c751e8b465ee728b)
Start importing Assets/BedRoom/Materials/Sufit-MainTexture.png using Guid(77dbfe6f1037ffd49b5f3e289612bd67) Importer(815301076,1909f56bfc062723c751e8b465ee728b)  -> (artifact id: '8bf34bad39abf35397b48fe086fff8d4') in 0.021129 seconds 
  Import took 0.027362 seconds .

========================================================================
Received Import Request.
  Time since last request: 0.000297 seconds.
  path: Assets/BedRoom/Materials/ŚcianaL.mat
  artifactKey: Guid(90da751e084e072409a82d9a1a8512e1) Importer(815301076,1909f56bfc062723c751e8b465ee728b)
Start importing Assets/BedRoom/Materials/ŚcianaL.mat using Guid(90da751e084e072409a82d9a1a8512e1) Importer(815301076,1909f56bfc062723c751e8b465ee728b)  -> (artifact id: 'ba2019c3a820358fd4dcc58a292dc547') in 0.019191 seconds 
  Import took 0.025038 seconds .

========================================================================
Received Import Request.
  Time since last request: 0.000360 seconds.
  path: Assets/BedRoom/Materials/ŚcianaP.mat
  artifactKey: Guid(82b2849c319f99d45aebec4196e375d7) Importer(815301076,1909f56bfc062723c751e8b465ee728b)
Start importing Assets/BedRoom/Materials/ŚcianaP.mat using Guid(82b2849c319f99d45aebec4196e375d7) Importer(815301076,1909f56bfc062723c751e8b465ee728b)  -> (artifact id: '7d32b7f9488e088067f6c5808554ed90') in 0.020816 seconds 
  Import took 0.026777 seconds .

========================================================================
Received Import Request.
  Time since last request: 0.000402 seconds.
  path: Assets/BedRoom/Materials/Sufit-Normal_HeightTexture.png
  artifactKey: Guid(a126293ed7421094cab17398dacbf35d) Importer(815301076,1909f56bfc062723c751e8b465ee728b)
Start importing Assets/BedRoom/Materials/Sufit-Normal_HeightTexture.png using Guid(a126293ed7421094cab17398dacbf35d) Importer(815301076,1909f56bfc062723c751e8b465ee728b)  -> (artifact id: '9d73a41b68b5f0eb45c74cc304daa277') in 0.020473 seconds 
  Import took 0.026579 seconds .

========================================================================
Received Import Request.
  Time since last request: 0.000216 seconds.
  path: Assets/BedRoom/Materials/DrewnoDrzwi-MainTexture.png
  artifactKey: Guid(0fc47dea85a2ecd489d8da527a460fb9) Importer(815301076,1909f56bfc062723c751e8b465ee728b)
Start importing Assets/BedRoom/Materials/DrewnoDrzwi-MainTexture.png using Guid(0fc47dea85a2ecd489d8da527a460fb9) Importer(815301076,1909f56bfc062723c751e8b465ee728b)  -> (artifact id: 'b17406ef099d97111f480227981cdefb') in 0.018038 seconds 
  Import took 0.024203 seconds .

========================================================================
Received Import Request.
  Time since last request: 0.000411 seconds.
  path: Assets/BedRoom/Materials/ŚcianaD.mat
  artifactKey: Guid(f5c4723da561f2443ba1671dcb64a43c) Importer(815301076,1909f56bfc062723c751e8b465ee728b)
Start importing Assets/BedRoom/Materials/ŚcianaD.mat using Guid(f5c4723da561f2443ba1671dcb64a43c) Importer(815301076,1909f56bfc062723c751e8b465ee728b)  -> (artifact id: '0a6207ede05c8912e5798946bcc24eda') in 0.023371 seconds 
  Import took 0.029361 seconds .

========================================================================
Received Import Request.
  Time since last request: 0.000291 seconds.
  path: Assets/BedRoom/Materials/Podłoga-Normal_HeightTexture.png
  artifactKey: Guid(b0272f4228dbbc844aed5796fe19233c) Importer(815301076,1909f56bfc062723c751e8b465ee728b)
Start importing Assets/BedRoom/Materials/Podłoga-Normal_HeightTexture.png using Guid(b0272f4228dbbc844aed5796fe19233c) Importer(815301076,1909f56bfc062723c751e8b465ee728b)  -> (artifact id: 'bf35213a73cd5c70af86aa084ab12d86') in 0.020384 seconds 
  Import took 0.026663 seconds .

========================================================================
Received Import Request.
  Time since last request: 0.000307 seconds.
  path: Assets/BedRoom/Materials/Podłoga.mat
  artifactKey: Guid(64d6e2d40038976418bd96549484e5cb) Importer(815301076,1909f56bfc062723c751e8b465ee728b)
Start importing Assets/BedRoom/Materials/Podłoga.mat using Guid(64d6e2d40038976418bd96549484e5cb) Importer(815301076,1909f56bfc062723c751e8b465ee728b)  -> (artifact id: '86da025d9ebb44ae10edf88daa2a5fa7') in 0.018401 seconds 
  Import took 0.025792 seconds .

========================================================================
Received Import Request.
  Time since last request: 0.000356 seconds.
  path: Assets/BedRoom/Materials/Łóżko_Drewno-MainTexture.png
  artifactKey: Guid(6bdda1c1e6eed9d438846de14b3dff9e) Importer(815301076,1909f56bfc062723c751e8b465ee728b)
Start importing Assets/BedRoom/Materials/Łóżko_Drewno-MainTexture.png using Guid(6bdda1c1e6eed9d438846de14b3dff9e) Importer(815301076,1909f56bfc062723c751e8b465ee728b)  -> (artifact id: 'ea907695f07c96656c7ebe683c83ea03') in 0.016862 seconds 
  Import took 0.023589 seconds .

========================================================================
Received Import Request.
  Time since last request: 0.000309 seconds.
  path: Assets/BedRoom/Materials/Dzbanek.mat
  artifactKey: Guid(5922de26d9a3bac48b0aca366283bc7a) Importer(815301076,1909f56bfc062723c751e8b465ee728b)
Start importing Assets/BedRoom/Materials/Dzbanek.mat using Guid(5922de26d9a3bac48b0aca366283bc7a) Importer(815301076,1909f56bfc062723c751e8b465ee728b)  -> (artifact id: '44496e7b2b0a5eecc278b6b29e03baef') in 0.019967 seconds 
  Import took 0.025955 seconds .

========================================================================
Received Import Request.
  Time since last request: 0.000246 seconds.
  path: Assets/BedRoom/Materials/ŚcianaG.mat
  artifactKey: Guid(3b0d2d8efd72f6a4896b94225f4cdb34) Importer(815301076,1909f56bfc062723c751e8b465ee728b)
Start importing Assets/BedRoom/Materials/ŚcianaG.mat using Guid(3b0d2d8efd72f6a4896b94225f4cdb34) Importer(815301076,1909f56bfc062723c751e8b465ee728b)  -> (artifact id: '09ec7685732df7451f5c3f6716e34681') in 0.019386 seconds 
  Import took 0.025059 seconds .

========================================================================
Received Import Request.
  Time since last request: 0.000241 seconds.
  path: Assets/BedRoom/Materials/Poduszka.mat
  artifactKey: Guid(cb97cc0d610929e4e8e238059e66a9c5) Importer(815301076,1909f56bfc062723c751e8b465ee728b)
Start importing Assets/BedRoom/Materials/Poduszka.mat using Guid(cb97cc0d610929e4e8e238059e66a9c5) Importer(815301076,1909f56bfc062723c751e8b465ee728b)  -> (artifact id: '02509661274d48a7ec8266c993a43064') in 0.020563 seconds 
  Import took 0.026751 seconds .

========================================================================
Received Import Request.
  Time since last request: 0.000261 seconds.
  path: Assets/BedRoom/Materials/Dywan.mat
  artifactKey: Guid(52d96893b21864441a9d27316af9a11b) Importer(815301076,1909f56bfc062723c751e8b465ee728b)
Start importing Assets/BedRoom/Materials/Dywan.mat using Guid(52d96893b21864441a9d27316af9a11b) Importer(815301076,1909f56bfc062723c751e8b465ee728b)  -> (artifact id: '96acc21d76fbe3d21d29712a6df1a2c1') in 0.019851 seconds 
  Import took 0.026340 seconds .

========================================================================
Received Import Request.
  Time since last request: 0.000283 seconds.
  path: Assets/BedRoom/Materials/Lampa-Zewnętrze2.mat
  artifactKey: Guid(d9a7870b82f9fb5489689e9045944788) Importer(815301076,1909f56bfc062723c751e8b465ee728b)
Start importing Assets/BedRoom/Materials/Lampa-Zewnętrze2.mat using Guid(d9a7870b82f9fb5489689e9045944788) Importer(815301076,1909f56bfc062723c751e8b465ee728b)  -> (artifact id: '98f5a3fd2f564295b6fa510ce658bfaf') in 0.020371 seconds 
  Import took 0.025850 seconds .

========================================================================
Received Import Request.
  Time since last request: 0.000221 seconds.
  path: Assets/BedRoom/Materials/Materac.mat
  artifactKey: Guid(f8bb023f034812a4a916ba7bbdc52606) Importer(815301076,1909f56bfc062723c751e8b465ee728b)
Start importing Assets/BedRoom/Materials/Materac.mat using Guid(f8bb023f034812a4a916ba7bbdc52606) Importer(815301076,1909f56bfc062723c751e8b465ee728b)  -> (artifact id: 'db4220c8311dadf0d874dd8c8618a1ca') in 0.020551 seconds 
  Import took 0.027140 seconds .

========================================================================
Received Import Request.
  Time since last request: 135.854945 seconds.
  path: Assets/BedRoom/Materials/Drewno.Drzwi.mat
  artifactKey: Guid(4a64f2bc28d6eda4183a77a50779671f) Importer(815301076,1909f56bfc062723c751e8b465ee728b)
Start importing Assets/BedRoom/Materials/Drewno.Drzwi.mat using Guid(4a64f2bc28d6eda4183a77a50779671f) Importer(815301076,1909f56bfc062723c751e8b465ee728b)  -> (artifact id: '6337779963b59355844c104437028c40') in 0.019477 seconds 
  Import took 0.025823 seconds .

========================================================================
Received Import Request.
  Time since last request: 0.000289 seconds.
  path: Assets/BedRoom/Materials/Drewno.mat
  artifactKey: Guid(3a45edd1ea8c7ae469434835a535dfe7) Importer(815301076,1909f56bfc062723c751e8b465ee728b)
Start importing Assets/BedRoom/Materials/Drewno.mat using Guid(3a45edd1ea8c7ae469434835a535dfe7) Importer(815301076,1909f56bfc062723c751e8b465ee728b)  -> (artifact id: '454467db7a211e9f9547c6b3596c4500') in 0.022830 seconds 
  Import took 0.029136 seconds .

========================================================================
Received Import Request.
  Time since last request: 0.000422 seconds.
  path: Assets/BedRoom/Materials/Lampa-Zewnętrze1.mat
  artifactKey: Guid(c7962aa23ba78e845b3f71c3731660c6) Importer(815301076,1909f56bfc062723c751e8b465ee728b)
Start importing Assets/BedRoom/Materials/Lampa-Zewnętrze1.mat using Guid(c7962aa23ba78e845b3f71c3731660c6) Importer(815301076,1909f56bfc062723c751e8b465ee728b)  -> (artifact id: '527dc23079efe600d42daba5e790a214') in 0.017033 seconds 
  Import took 0.023001 seconds .

========================================================================
Received Import Request.
  Time since last request: 0.000342 seconds.
  path: Assets/BedRoom/Materials/Podłoga.mat
  artifactKey: Guid(64d6e2d40038976418bd96549484e5cb) Importer(815301076,1909f56bfc062723c751e8b465ee728b)
Start importing Assets/BedRoom/Materials/Podłoga.mat using Guid(64d6e2d40038976418bd96549484e5cb) Importer(815301076,1909f56bfc062723c751e8b465ee728b)  -> (artifact id: '2bebb81512938dc40837ff6070b0eb0d') in 0.024202 seconds 
  Import took 0.030688 seconds .

========================================================================
Received Import Request.
  Time since last request: 5.219539 seconds.
  path: Assets/BedRoom/Materials/Podłoga-Normal_HeightTexture.png
  artifactKey: Guid(b0272f4228dbbc844aed5796fe19233c) Importer(815301076,1909f56bfc062723c751e8b465ee728b)
Start importing Assets/BedRoom/Materials/Podłoga-Normal_HeightTexture.png using Guid(b0272f4228dbbc844aed5796fe19233c) Importer(815301076,1909f56bfc062723c751e8b465ee728b)  -> (artifact id: '8a10bf04be95e433adef13e161df9413') in 0.019897 seconds 
  Import took 0.026237 seconds .

========================================================================
Received Import Request.
  Time since last request: 17.424698 seconds.
  path: Assets/BedRoom/Materials/Sufit-Normal_HeightTexture.png
  artifactKey: Guid(a126293ed7421094cab17398dacbf35d) Importer(815301076,1909f56bfc062723c751e8b465ee728b)
Start importing Assets/BedRoom/Materials/Sufit-Normal_HeightTexture.png using Guid(a126293ed7421094cab17398dacbf35d) Importer(815301076,1909f56bfc062723c751e8b465ee728b)  -> (artifact id: '442b9c93940b8896d4ddf6b71d72da37') in 0.013834 seconds 
  Import took 0.020020 seconds .

========================================================================
Received Import Request.
  Time since last request: 3695.005619 seconds.
  path: Assets/BedRoom/Materials/Dywan 1.mat
  artifactKey: Guid(830a96d58c9d4d741a8198dc8fed38eb) Importer(815301076,1909f56bfc062723c751e8b465ee728b)
Start importing Assets/BedRoom/Materials/Dywan 1.mat using Guid(830a96d58c9d4d741a8198dc8fed38eb) Importer(815301076,1909f56bfc062723c751e8b465ee728b)  -> (artifact id: 'f4f8666686b04dd0fe5b0f40999f5c47') in 0.044909 seconds 
  Import took 0.051032 seconds .

========================================================================
Received Import Request.
  Time since last request: 0.000299 seconds.
  path: Assets/BedRoom/Materials/Sufit.mat
  artifactKey: Guid(5bb7b1ca1570b4f4692db3306f515ea4) Importer(815301076,1909f56bfc062723c751e8b465ee728b)
Start importing Assets/BedRoom/Materials/Sufit.mat using Guid(5bb7b1ca1570b4f4692db3306f515ea4) Importer(815301076,1909f56bfc062723c751e8b465ee728b)  -> (artifact id: 'e0b426fa895fcc3afce9c658c66b4409') in 0.023475 seconds 
  Import took 0.029931 seconds .

========================================================================
Received Import Request.
  Time since last request: 0.000327 seconds.
  path: Assets/BedRoom/Materials/Podłoga.mat
  artifactKey: Guid(64d6e2d40038976418bd96549484e5cb) Importer(815301076,1909f56bfc062723c751e8b465ee728b)
Start importing Assets/BedRoom/Materials/Podłoga.mat using Guid(64d6e2d40038976418bd96549484e5cb) Importer(815301076,1909f56bfc062723c751e8b465ee728b)  -> (artifact id: '19b104a070a2ea5cd5c2f38b3459d664') in 0.034113 seconds 
  Import took 0.039932 seconds .

========================================================================
Received Import Request.
  Time since last request: 0.000425 seconds.
  path: Assets/BedRoom/Materials/Dywan.mat
  artifactKey: Guid(52d96893b21864441a9d27316af9a11b) Importer(815301076,1909f56bfc062723c751e8b465ee728b)
Start importing Assets/BedRoom/Materials/Dywan.mat using Guid(52d96893b21864441a9d27316af9a11b) Importer(815301076,1909f56bfc062723c751e8b465ee728b)  -> (artifact id: 'c90030d38d9d55c9e7bad0efdb48fb8a') in 0.016317 seconds 
  Import took 0.022372 seconds .

========================================================================
Received Import Request.
  Time since last request: 23.124359 seconds.
  path: Assets/BedRoom/Materials/Łóżko-Drewno.mat
  artifactKey: Guid(830a96d58c9d4d741a8198dc8fed38eb) Importer(815301076,1909f56bfc062723c751e8b465ee728b)
Start importing Assets/BedRoom/Materials/Łóżko-Drewno.mat using Guid(830a96d58c9d4d741a8198dc8fed38eb) Importer(815301076,1909f56bfc062723c751e8b465ee728b)  -> (artifact id: '1f01a3c858ed9677cbda4affd8e8aacf') in 0.019498 seconds 
  Import took 0.025359 seconds .

========================================================================
Received Import Request.
  Time since last request: 54.627958 seconds.
  path: Assets/BedRoom/Materials/Zabawka.mat
  artifactKey: Guid(709b1236c830d1a45a579507ea5d0703) Importer(815301076,1909f56bfc062723c751e8b465ee728b)
Start importing Assets/BedRoom/Materials/Zabawka.mat using Guid(709b1236c830d1a45a579507ea5d0703) Importer(815301076,1909f56bfc062723c751e8b465ee728b)  -> (artifact id: '056b9a934989926c9954b401ef504d7d') in 0.019443 seconds 
  Import took 0.026013 seconds .

========================================================================
Received Import Request.
  Time since last request: 0.000409 seconds.
  path: Assets/BedRoom/Materials/Łóżko-Drewno.mat
  artifactKey: Guid(830a96d58c9d4d741a8198dc8fed38eb) Importer(815301076,1909f56bfc062723c751e8b465ee728b)
Start importing Assets/BedRoom/Materials/Łóżko-Drewno.mat using Guid(830a96d58c9d4d741a8198dc8fed38eb) Importer(815301076,1909f56bfc062723c751e8b465ee728b)  -> (artifact id: 'b7eff7f0ded59523d9e272995145cb0d') in 0.019771 seconds 
  Import took 0.025452 seconds .

========================================================================
Received Import Request.
  Time since last request: 71.885696 seconds.
  path: Assets/BedRoom/Materials/Zabawka.mat
  artifactKey: Guid(709b1236c830d1a45a579507ea5d0703) Importer(815301076,1909f56bfc062723c751e8b465ee728b)
Start importing Assets/BedRoom/Materials/Zabawka.mat using Guid(709b1236c830d1a45a579507ea5d0703) Importer(815301076,1909f56bfc062723c751e8b465ee728b)  -> (artifact id: '06cfe48228aadb9f3467846fbceecd65') in 0.018031 seconds 
  Import took 0.023650 seconds .

========================================================================
Received Import Request.
  Time since last request: 1148.480881 seconds.
  path: Assets/BedRoom/Materials/Dywan-MainTexture.png
  artifactKey: Guid(71ed2c0a58763bd4383b4876d86a62fb) Importer(815301076,1909f56bfc062723c751e8b465ee728b)
Start importing Assets/BedRoom/Materials/Dywan-MainTexture.png using Guid(71ed2c0a58763bd4383b4876d86a62fb) Importer(815301076,1909f56bfc062723c751e8b465ee728b)  -> (artifact id: '1e0e6e2e7d22603d74339298552135ed') in 0.049007 seconds 
  Import took 0.055535 seconds .

========================================================================
Received Import Request.
  Time since last request: 0.000416 seconds.
  path: Assets/BedRoom/Materials/Dywan-Normal-HeightTexture.png
  artifactKey: Guid(169a5398d943801488e2bd0859c189f8) Importer(815301076,1909f56bfc062723c751e8b465ee728b)
Start importing Assets/BedRoom/Materials/Dywan-Normal-HeightTexture.png using Guid(169a5398d943801488e2bd0859c189f8) Importer(815301076,1909f56bfc062723c751e8b465ee728b)  -> (artifact id: '6b762c7c6c524e696991fdcf1d9949f1') in 0.023331 seconds 
  Import took 0.030118 seconds .

========================================================================
Received Import Request.
  Time since last request: 0.000276 seconds.
  path: Assets/BedRoom/BedRoom.blend
  artifactKey: Guid(37afff35cedf87249b5478aa5f0a5e38) Importer(815301076,1909f56bfc062723c751e8b465ee728b)
Start importing Assets/BedRoom/BedRoom.blend using Guid(37afff35cedf87249b5478aa5f0a5e38) Importer(815301076,1909f56bfc062723c751e8b465ee728b)  -> (artifact id: '3940f03052b47eefa54629fcc5f62130') in 0.217323 seconds 
  Import took 0.229966 seconds .

========================================================================
Received Import Request.
  Time since last request: 18.801839 seconds.
  path: Assets/BedRoom/Materials/Dywan-Normal-HeightTexture.png
  artifactKey: Guid(169a5398d943801488e2bd0859c189f8) Importer(815301076,1909f56bfc062723c751e8b465ee728b)
Start importing Assets/BedRoom/Materials/Dywan-Normal-HeightTexture.png using Guid(169a5398d943801488e2bd0859c189f8) Importer(815301076,1909f56bfc062723c751e8b465ee728b)  -> (artifact id: 'dd4ee4d4986159ea69cc149d2e5b3d27') in 0.015007 seconds 
  Import took 0.022366 seconds .

========================================================================
Received Import Request.
  Time since last request: 37.311793 seconds.
  path: Assets/BedRoom/BedRoom.prefab
  artifactKey: Guid(86a2532ab9f7f1e429ccf6f555e9cca8) Importer(815301076,1909f56bfc062723c751e8b465ee728b)
Start importing Assets/BedRoom/BedRoom.prefab using Guid(86a2532ab9f7f1e429ccf6f555e9cca8) Importer(815301076,1909f56bfc062723c751e8b465ee728b)  -> (artifact id: '3e08d11ed7ea23986864b1edb6f230e0') in 0.040893 seconds 
  Import took 0.049861 seconds .

========================================================================
Received Import Request.
  Time since last request: 6.727763 seconds.
  path: Assets/BedRoom/BedRoom.prefab
  artifactKey: Guid(86a2532ab9f7f1e429ccf6f555e9cca8) Importer(815301076,1909f56bfc062723c751e8b465ee728b)
Start importing Assets/BedRoom/BedRoom.prefab using Guid(86a2532ab9f7f1e429ccf6f555e9cca8) Importer(815301076,1909f56bfc062723c751e8b465ee728b)  -> (artifact id: '9aeb91ab6d96500e37d5eb5a796d83c5') in 0.044154 seconds 
  Import took 0.052546 seconds .

========================================================================
Received Import Request.
  Time since last request: 0.548844 seconds.
  path: Assets/BedRoom/BedRoom.prefab
  artifactKey: Guid(86a2532ab9f7f1e429ccf6f555e9cca8) Importer(815301076,1909f56bfc062723c751e8b465ee728b)
Start importing Assets/BedRoom/BedRoom.prefab using Guid(86a2532ab9f7f1e429ccf6f555e9cca8) Importer(815301076,1909f56bfc062723c751e8b465ee728b)  -> (artifact id: '61b910b3980f47821c64c6dee700e559') in 0.037768 seconds 
  Import took 0.044515 seconds .

========================================================================
Received Import Request.
  Time since last request: 0.763315 seconds.
  path: Assets/BedRoom/BedRoom.prefab
  artifactKey: Guid(86a2532ab9f7f1e429ccf6f555e9cca8) Importer(815301076,1909f56bfc062723c751e8b465ee728b)
Start importing Assets/BedRoom/BedRoom.prefab using Guid(86a2532ab9f7f1e429ccf6f555e9cca8) Importer(815301076,1909f56bfc062723c751e8b465ee728b)  -> (artifact id: 'e88596a45998edb1ee9e91c74ac80267') in 0.037882 seconds 
  Import took 0.046675 seconds .

========================================================================
Received Import Request.
  Time since last request: 1.974350 seconds.
  path: Assets/BedRoom/BedRoom.prefab
  artifactKey: Guid(86a2532ab9f7f1e429ccf6f555e9cca8) Importer(815301076,1909f56bfc062723c751e8b465ee728b)
Start importing Assets/BedRoom/BedRoom.prefab using Guid(86a2532ab9f7f1e429ccf6f555e9cca8) Importer(815301076,1909f56bfc062723c751e8b465ee728b)  -> (artifact id: 'bd22659332f6a907582df5ba85971dc0') in 0.038177 seconds 
  Import took 0.045242 seconds .

========================================================================
Received Import Request.
  Time since last request: 3.859609 seconds.
  path: Assets/BedRoom/Sample.unity
  artifactKey: Guid(9be0a5886c17ae145b4e25dea6b350c2) Importer(815301076,1909f56bfc062723c751e8b465ee728b)
Start importing Assets/BedRoom/Sample.unity using Guid(9be0a5886c17ae145b4e25dea6b350c2) Importer(815301076,1909f56bfc062723c751e8b465ee728b)  -> (artifact id: '93d2d56ad2e507fbd11956f924aff40d') in 0.011468 seconds 
  Import took 0.021724 seconds .

========================================================================
Received Import Request.
  Time since last request: 18.249416 seconds.
  path: Assets/BedRoom/BedRoom-PrefabToUse.prefab
  artifactKey: Guid(86a2532ab9f7f1e429ccf6f555e9cca8) Importer(815301076,1909f56bfc062723c751e8b465ee728b)
Start importing Assets/BedRoom/BedRoom-PrefabToUse.prefab using Guid(86a2532ab9f7f1e429ccf6f555e9cca8) Importer(815301076,1909f56bfc062723c751e8b465ee728b)  -> (artifact id: '05d732fb841fa2eeed4fb831e36454be') in 0.043655 seconds 
  Import took 0.050613 seconds .

========================================================================
Received Import Request.
  Time since last request: 36.274579 seconds.
  path: Assets/BedRoom/Materials/Dywan.mat
  artifactKey: Guid(52d96893b21864441a9d27316af9a11b) Importer(815301076,1909f56bfc062723c751e8b465ee728b)
Start importing Assets/BedRoom/Materials/Dywan.mat using Guid(52d96893b21864441a9d27316af9a11b) Importer(815301076,1909f56bfc062723c751e8b465ee728b)  -> (artifact id: 'dff238f22fe0109f5918a52716672eab') in 0.021251 seconds 
  Import took 0.027292 seconds .

========================================================================
Received Import Request.
  Time since last request: 0.073398 seconds.
  path: Assets/BedRoom/Sample.unity
  artifactKey: Guid(9be0a5886c17ae145b4e25dea6b350c2) Importer(815301076,1909f56bfc062723c751e8b465ee728b)
Start importing Assets/BedRoom/Sample.unity using Guid(9be0a5886c17ae145b4e25dea6b350c2) Importer(815301076,1909f56bfc062723c751e8b465ee728b)  -> (artifact id: '8c62e032a7e316a9493229b5b3e1a1df') in 0.008145 seconds 
  Import took 0.013660 seconds .

========================================================================
Received Import Request.
  Time since last request: 0.028332 seconds.
  path: Assets/BedRoom/BedRoom.blend1
  artifactKey: Guid(e89586eaa15d9cd44bd5ff2059c2d5df) Importer(815301076,1909f56bfc062723c751e8b465ee728b)
Start importing Assets/BedRoom/BedRoom.blend1 using Guid(e89586eaa15d9cd44bd5ff2059c2d5df) Importer(815301076,1909f56bfc062723c751e8b465ee728b)  -> (artifact id: 'efda0f2a0a7778b786eaeac0e6a8a5cf') in 0.004667 seconds 
  Import took 0.010168 seconds .

========================================================================
Received Import Request.
  Time since last request: 38.620129 seconds.
  path: Assets/Music/AudioSettings.mixer
  artifactKey: Guid(4e2b63540f47be24ca7823652ce468cb) Importer(815301076,1909f56bfc062723c751e8b465ee728b)
Start importing Assets/Music/AudioSettings.mixer using Guid(4e2b63540f47be24ca7823652ce468cb) Importer(815301076,1909f56bfc062723c751e8b465ee728b)  -> (artifact id: '067ad2190be1a210f5a551966768f401') in 0.013587 seconds 
  Import took 0.020046 seconds .

========================================================================
Received Import Request.
  Time since last request: 18.594982 seconds.
  path: Assets/Scenes/MainMenu.unity
  artifactKey: Guid(dbd3624502acf30419ba48e8bf919cbc) Importer(815301076,1909f56bfc062723c751e8b465ee728b)
Start importing Assets/Scenes/MainMenu.unity using Guid(dbd3624502acf30419ba48e8bf919cbc) Importer(815301076,1909f56bfc062723c751e8b465ee728b)  -> (artifact id: '3f8b1481c92369e914c2ca2d429fed04') in 0.011534 seconds 
  Import took 0.017643 seconds .

AssetImportWorkerClient::OnTransportError - code=2 error=End of file
